
[----------------BEGIN STACK_DUMP----------------]
Stack_t[0x7ffc67033aa0] "path1" born at src/akinator.cpp:416 function:[compare_objects()] called from src/my_stack.cpp:190 function:[stack_realloc()]
Canary #1 = 7ffcb9ae801e
Stack capacity: 2
Stack size    : 0

CalcSt hash = 39310f9d4dd620f
Struct hash = 39310f9d4dd620f

Stack->data [0x603000000438]
CalcBu hash = 202742eac2d903bb
Buffer hash = 202742eac2d903bb

data canary #1 = 6030deadbe86
{
    [i] = 0 elem =  0 (0)
    [i] = 1 elem =  0 (0)
}
data canary #2 = 6030deadbe86
Canary #2 = 7ffcb9ae801e
[-----------------END STACK_DUMP-----------------]


[----------------BEGIN STACK_DUMP----------------]
Stack_t[0x7ffc67033aa0] "path1" born at src/akinator.cpp:416 function:[compare_objects()] called from src/my_stack.cpp:190 function:[stack_realloc()]
Canary #1 = 7ffcb9ae801e
Stack capacity: 4
Stack size    : 2

CalcSt hash = 9e201a69bb4dead6
Struct hash = 9e201a69bb4dead6

Stack->data [0x6040000000d8]
CalcBu hash = 2a982a310400bc06
Buffer hash = 2a982a310400bc06

data canary #1 = 6040deadba66
{
   *[i] = 0 elem =  105759274697248 (603000000220)
   *[i] = 1 elem =  105759274697200 (6030000001f0)
    [i] = 2 elem =  0 (0)
    [i] = 3 elem =  0 (0)
}
data canary #2 = 6040deadba66
Canary #2 = 7ffcb9ae801e
[-----------------END STACK_DUMP-----------------]


[----------------BEGIN STACK_DUMP----------------]
Stack_t[0x7ffc67033aa0] "path1" born at src/akinator.cpp:416 function:[compare_objects()] called from src/my_stack.cpp:190 function:[stack_realloc()]
Canary #1 = 7ffcb9ae801e
Stack capacity: 8
Stack size    : 4

CalcSt hash = 4229a0c5a6ce9c86
Struct hash = 4229a0c5a6ce9c86

Stack->data [0x607000000258]
CalcBu hash = 6996bfbfbc298554
Buffer hash = 6996bfbfbc298554

data canary #1 = 6070deadb8e6
{
   *[i] = 0 elem =  105759274697248 (603000000220)
   *[i] = 1 elem =  105759274697200 (6030000001f0)
   *[i] = 2 elem =  105759274697152 (6030000001c0)
   *[i] = 3 elem =  105759274697104 (603000000190)
    [i] = 4 elem =  0 (0)
    [i] = 5 elem =  0 (0)
    [i] = 6 elem =  0 (0)
    [i] = 7 elem =  0 (0)
}
data canary #2 = 6070deadb8e6
Canary #2 = 7ffcb9ae801e
[-----------------END STACK_DUMP-----------------]


[----------------BEGIN STACK_DUMP----------------]
Stack_t[0x7ffc67033b30] "path2" born at src/akinator.cpp:420 function:[compare_objects()] called from src/my_stack.cpp:190 function:[stack_realloc()]
Canary #1 = 7ffcb9ae818e
Stack capacity: 2
Stack size    : 0

CalcSt hash = 3f27c6cf18ad06a5
Struct hash = 3f27c6cf18ad06a5

Stack->data [0x603000000468]
CalcBu hash = d8519ab4450a005b
Buffer hash = d8519ab4450a005b

data canary #1 = 6030deadbed6
{
    [i] = 0 elem =  0 (0)
    [i] = 1 elem =  0 (0)
}
data canary #2 = 6030deadbed6
Canary #2 = 7ffcb9ae818e
[-----------------END STACK_DUMP-----------------]


[----------------BEGIN STACK_DUMP----------------]
Stack_t[0x7ffc67033b30] "path2" born at src/akinator.cpp:420 function:[compare_objects()] called from src/my_stack.cpp:190 function:[stack_realloc()]
Canary #1 = 7ffcb9ae818e
Stack capacity: 4
Stack size    : 2

CalcSt hash = 254cc611797842aa
Struct hash = 254cc611797842aa

Stack->data [0x604000000118]
CalcBu hash = 4436ae6e2e5a7cab
Buffer hash = 4436ae6e2e5a7cab

data canary #1 = 6040deadbba6
{
   *[i] = 0 elem =  105759274697680 (6030000003d0)
   *[i] = 1 elem =  105759274697632 (6030000003a0)
    [i] = 2 elem =  0 (0)
    [i] = 3 elem =  0 (0)
}
data canary #2 = 6040deadbba6
Canary #2 = 7ffcb9ae818e
[-----------------END STACK_DUMP-----------------]


[----------------BEGIN STACK_DUMP----------------]
Stack_t[0x7ffc67033b30] "path2" born at src/akinator.cpp:420 function:[compare_objects()] called from src/my_stack.cpp:190 function:[stack_realloc()]
Canary #1 = 7ffcb9ae818e
Stack capacity: 8
Stack size    : 4

CalcSt hash = 5d58b4ee9b51ab74
Struct hash = 5d58b4ee9b51ab74

Stack->data [0x6070000002c8]
CalcBu hash = c6b1c195ba900f8
Buffer hash = c6b1c195ba900f8

data canary #1 = 6070deadb876
{
   *[i] = 0 elem =  105759274697680 (6030000003d0)
   *[i] = 1 elem =  105759274697632 (6030000003a0)
   *[i] = 2 elem =  1057592